[2017-10-07 09:15:31] START
[2017-10-07 10:14:27] CREATE basics.py: 0
[2017-10-07 10:17:15] EDIT pluralsight/controllers/basics.py: 4
[2017-10-07 10:18:47] CREATE basics/helloworld.html: 0
[2017-10-07 10:22:12] EDIT pluralsight/views/basics/helloworld.html: 0
[2017-10-07 10:22:45] EDIT pluralsight/views/basics/helloworld.html: 1
[2017-10-07 10:22:58] EDIT pluralsight/views/basics/helloworld.html: 0
[2017-10-07 10:23:42] EDIT pluralsight/views/basics/helloworld.html: 1
[2017-10-07 10:30:46] EDIT pluralsight/views/basics/helloworld.html: 0
[2017-10-07 10:32:32] EDIT pluralsight/controllers/basics.py: 5
[2017-10-07 10:32:55] CREATE basics/request_args.html: 0
[2017-10-07 10:34:41] EDIT pluralsight/views/basics/request_args.html: 1
[2017-10-07 10:35:17] EDIT pluralsight/views/basics/request_args.html: 0
[2017-10-07 10:36:21] EDIT pluralsight/views/basics/request_args.html: -1
[2017-10-07 10:37:56] EDIT pluralsight/views/basics/request_args.html: 0
[2017-10-07 10:38:25] EDIT pluralsight/views/basics/request_args.html: 0
[2017-10-07 10:41:30] EDIT pluralsight/controllers/basics.py: 3
[2017-10-07 10:41:45] EDIT pluralsight/controllers/basics.py: 0
[2017-10-07 10:41:56] EDIT pluralsight/controllers/basics.py: 0
[2017-10-07 10:42:14] EDIT pluralsight/controllers/basics.py: 0
[2017-10-07 10:54:22] EDIT pluralsight/controllers/basics.py: 9
[2017-10-07 10:54:36] CREATE basics/request_vars.html: 0
[2017-10-07 10:58:46] EDIT pluralsight/views/basics/request_vars.html: 7
[2017-10-07 10:59:07] EDIT pluralsight/views/basics/request_vars.html: 0
[2017-10-07 11:00:17] EDIT pluralsight/views/basics/request_vars.html: -2
[2017-10-07 11:03:02] EDIT pluralsight/views/basics/request_vars.html: 0
[2017-10-07 11:03:16] EDIT pluralsight/views/basics/request_vars.html: 0
[2017-10-07 11:03:24] EDIT pluralsight/views/basics/request_vars.html: 0
[2017-10-07 11:05:27] EDIT pluralsight/controllers/basics.py: 0
[2017-10-07 11:07:28] EDIT pluralsight/controllers/basics.py: 0
[2017-10-07 11:08:40] EDIT pluralsight/views/basics/request_vars.html: -5
[2017-10-07 11:08:41] EDIT pluralsight/views/basics/request_vars.html: 0
[2017-10-07 11:08:59] EDIT pluralsight/views/basics/request_vars.html: 0
[2017-10-07 11:12:27] EDIT pluralsight/views/basics/request_vars.html: 5
[2017-10-07 11:13:07] EDIT pluralsight/views/basics/request_vars.html: 0
[2017-10-07 11:13:30] EDIT pluralsight/views/basics/request_vars.html: 0
[2017-10-07 11:15:03] EDIT pluralsight/views/basics/request_vars.html: 0
[2017-10-07 11:16:49] EDIT pluralsight/controllers/basics.py: 1
[2017-10-07 11:17:14] EDIT pluralsight/views/basics/request_vars.html: 0
[2017-10-07 11:17:31] EDIT pluralsight/views/basics/request_vars.html: 0
[2017-10-07 11:17:38] EDIT pluralsight/views/basics/request_vars.html: 0
[2017-10-07 11:31:32] EDIT pluralsight/views/basics/request_vars.html: 2
[2017-10-07 11:34:09] EDIT pluralsight/controllers/basics.py: 9
[2017-10-07 11:34:20] CREATE basics/request_vars1.html: 0
[2017-10-07 11:36:23] EDIT pluralsight/controllers/basics.py: 2
[2017-10-07 11:37:40] EDIT pluralsight/views/basics/request_vars1.html: 5
[2017-10-07 11:38:31] EDIT pluralsight/views/basics/request_vars1.html: 1
[2017-10-07 11:39:17] EDIT pluralsight/views/basics/request_vars1.html: 0
[2017-10-07 11:39:34] EDIT pluralsight/views/basics/request_vars1.html: 0
[2017-10-07 11:39:59] EDIT pluralsight/views/basics/request_vars1.html: 0
[2017-10-07 11:40:17] EDIT pluralsight/views/basics/request_vars1.html: 0
[2017-10-07 11:40:23] EDIT pluralsight/views/basics/request_vars1.html: -1
[2017-10-07 11:43:51] EDIT pluralsight/controllers/basics.py: 0
[2017-10-07 11:44:14] EDIT pluralsight/controllers/basics.py: 0
[2017-10-07 11:44:23] EDIT pluralsight/controllers/basics.py: 0
[2017-10-07 12:11:04] EDIT pluralsight/views/basics/request_vars1.html: 0
[2017-10-07 12:14:03] EDIT pluralsight/views/basics/request_vars1.html: 0
[2017-10-07 12:14:17] EDIT pluralsight/views/basics/request_vars1.html: 0
[2017-10-07 12:27:27] EDIT pluralsight/views/basics/request_vars1.html: 0
[2017-10-07 12:30:27] EDIT pluralsight/controllers/basics.py: 7
[2017-10-07 12:33:58] CREATE basics/request_object.html: 0
[2017-10-07 12:37:44] EDIT pluralsight/views/basics/request_object.html: 7
[2017-10-07 12:42:49] EDIT pluralsight/views/basics/request_object.html: -1
[2017-10-07 14:25:20] EDIT pluralsight/models/db.py: 7
[2017-10-07 14:27:02] CREATE blog.py: 0
[2017-10-07 14:29:52] EDIT pluralsight/controllers/blog.py: 3
[2017-10-07 14:34:35] EDIT pluralsight/controllers/blog.py: 3
[2017-10-07 14:34:48] EDIT pluralsight/controllers/blog.py: 0
[2017-10-07 14:35:49] EDIT pluralsight/controllers/blog.py: 0
[2017-10-07 14:36:24] CREATE blog/post.html: 0
[2017-10-07 14:37:36] EDIT pluralsight/views/blog/post.html: 0
[2017-10-07 14:37:41] EDIT pluralsight/views/blog/post.html: 0
[2017-10-07 14:38:23] EDIT pluralsight/models/db.py: 0
[2017-10-07 15:07:03] EDIT pluralsight/controllers/blog.py: 10
[2017-10-07 15:07:21] EDIT pluralsight/controllers/blog.py: 0
[2017-10-07 15:07:33] EDIT pluralsight/controllers/blog.py: 0
[2017-10-07 15:12:09] EDIT pluralsight/controllers/blog.py: 0
[2017-10-07 15:12:11] EDIT pluralsight/controllers/blog.py: 0
[2017-10-07 15:13:19] EDIT pluralsight/controllers/blog.py: 0
[2017-10-07 15:14:35] EDIT pluralsight/controllers/blog.py: 0
[2017-10-07 15:16:36] EDIT pluralsight/controllers/blog.py: 0
[2017-10-07 15:20:32] EDIT pluralsight/controllers/blog.py: 0
[2017-10-07 15:21:05] EDIT pluralsight/controllers/blog.py: 0
[2017-10-07 15:22:19] EDIT pluralsight/controllers/blog.py: 0
[2017-10-07 15:54:00] EDIT pluralsight/controllers/blog.py: 8
[2017-10-07 15:55:27] CREATE blog/update_form.html: 0
[2017-10-07 15:56:01] EDIT pluralsight/views/blog/update_form.html: 0
[2017-10-07 15:58:02] DELETE pluralsight/views/blog/update_form.html: -3
[2017-10-07 15:58:38] CREATE blog/update_form.html: 0
[2017-10-07 15:58:49] EDIT pluralsight/views/blog/update_form.html: 0
[2017-10-07 16:07:41] CREATE blog/view.html: 0
[2017-10-07 16:09:07] EDIT pluralsight/views/blog/view.html: 0
[2017-10-07 16:13:35] EDIT pluralsight/views/blog/view.html: 5
[2017-10-07 16:13:56] EDIT pluralsight/views/blog/view.html: -1
[2017-10-07 16:14:39] EDIT pluralsight/views/blog/view.html: 1
[2017-10-07 16:15:12] EDIT pluralsight/views/blog/view.html: 1
[2017-10-07 16:15:37] EDIT pluralsight/views/blog/view.html: 0
[2017-10-07 16:16:17] EDIT pluralsight/views/blog/view.html: 1
[2017-10-07 16:16:29] EDIT pluralsight/views/blog/view.html: 0
[2017-10-07 16:16:40] EDIT pluralsight/views/blog/view.html: 0
[2017-10-07 16:16:52] EDIT pluralsight/views/blog/view.html: -1
[2017-10-07 16:17:25] EDIT pluralsight/views/blog/view.html: 1
[2017-10-07 16:32:51] EDIT pluralsight/views/blog/view.html: 1
[2017-10-07 16:34:58] EDIT pluralsight/views/blog/view.html: 2
[2017-10-07 16:35:18] EDIT pluralsight/views/blog/view.html: 0
